C:\USERS\DIEGO\DOCUMENTS\VISUAL STUDIO 2010\PROJECTS\HELLOWORLD\HELLOWORLD\HELLOWORLD_I.C
C:\USERS\DIEGO\DOCUMENTS\VISUAL STUDIO 2010\PROJECTS\HELLOWORLD\HELLOWORLD\HELLOWORLD_I.H
C:\USERS\DIEGO\DOCUMENTS\VISUAL STUDIO 2010\PROJECTS\HELLOWORLD\HELLOWORLD\HELLOWORLD_P.C
C:\USERS\DIEGO\DOCUMENTS\VISUAL STUDIO 2010\PROJECTS\HELLOWORLD\HELLOWORLD\RELEASE\BROKER.OBJ
C:\Users\diego\documents\visual studio 2010\Projects\HelloWorld\HelloWorld\Release\cl.command.1.tlog
C:\Users\diego\documents\visual studio 2010\Projects\HelloWorld\HelloWorld\Release\CL.read.1.tlog
C:\Users\diego\documents\visual studio 2010\Projects\HelloWorld\HelloWorld\Release\CL.write.1.tlog
C:\USERS\DIEGO\DOCUMENTS\VISUAL STUDIO 2010\PROJECTS\HELLOWORLD\HELLOWORLD\RELEASE\DLLMAIN.OBJ
C:\USERS\DIEGO\DOCUMENTS\VISUAL STUDIO 2010\PROJECTS\HELLOWORLD\HELLOWORLD\RELEASE\HELLOWORLD.DLL.INTERMEDIATE.MANIFEST
C:\USERS\DIEGO\DOCUMENTS\VISUAL STUDIO 2010\PROJECTS\HELLOWORLD\HELLOWORLD\RELEASE\HELLOWORLD.OBJ
C:\USERS\DIEGO\DOCUMENTS\VISUAL STUDIO 2010\PROJECTS\HELLOWORLD\HELLOWORLD\RELEASE\HELLOWORLD.PCH
C:\USERS\DIEGO\DOCUMENTS\VISUAL STUDIO 2010\PROJECTS\HELLOWORLD\HELLOWORLD\RELEASE\HELLOWORLD.RES
C:\USERS\DIEGO\DOCUMENTS\VISUAL STUDIO 2010\PROJECTS\HELLOWORLD\HELLOWORLD\RELEASE\HELLOWORLD.TLB
C:\Users\diego\documents\visual studio 2010\Projects\HelloWorld\HelloWorld\Release\HelloWorld.write.1.tlog
C:\USERS\DIEGO\DOCUMENTS\VISUAL STUDIO 2010\PROJECTS\HELLOWORLD\HELLOWORLD\RELEASE\HELLOWORLD_I.OBJ
C:\USERS\DIEGO\DOCUMENTS\VISUAL STUDIO 2010\PROJECTS\HELLOWORLD\HELLOWORLD\RELEASE\HELLOWORLDBHO.OBJ
C:\USERS\DIEGO\DOCUMENTS\VISUAL STUDIO 2010\PROJECTS\HELLOWORLD\HELLOWORLD\RELEASE\HOOK.OBJ
C:\Users\diego\documents\visual studio 2010\Projects\HelloWorld\HelloWorld\Release\link.command.1.tlog
C:\Users\diego\documents\visual studio 2010\Projects\HelloWorld\HelloWorld\Release\link.read.1.tlog
C:\Users\diego\documents\visual studio 2010\Projects\HelloWorld\HelloWorld\Release\link.write.1.tlog
C:\Users\diego\documents\visual studio 2010\Projects\HelloWorld\HelloWorld\Release\link-cvtres.read.1.tlog
C:\Users\diego\documents\visual studio 2010\Projects\HelloWorld\HelloWorld\Release\link-cvtres.write.1.tlog
C:\USERS\DIEGO\DOCUMENTS\VISUAL STUDIO 2010\PROJECTS\HELLOWORLD\HELLOWORLD\RELEASE\LOG.OBJ
C:\Users\diego\documents\visual studio 2010\Projects\HelloWorld\HelloWorld\Release\midl.command.1.tlog
C:\Users\diego\documents\visual studio 2010\Projects\HelloWorld\HelloWorld\Release\midl.read.1.tlog
C:\Users\diego\documents\visual studio 2010\Projects\HelloWorld\HelloWorld\Release\midl.write.1.tlog
C:\Users\diego\documents\visual studio 2010\Projects\HelloWorld\HelloWorld\Release\midl-midlc.read.1.tlog
C:\Users\diego\documents\visual studio 2010\Projects\HelloWorld\HelloWorld\Release\midl-midlc.write.1.tlog
C:\Users\diego\documents\visual studio 2010\Projects\HelloWorld\HelloWorld\Release\midl-midlc-cl.read.1.tlog
C:\Users\diego\documents\visual studio 2010\Projects\HelloWorld\HelloWorld\Release\mt.command.1.tlog
C:\Users\diego\documents\visual studio 2010\Projects\HelloWorld\HelloWorld\Release\mt.read.1.tlog
C:\Users\diego\documents\visual studio 2010\Projects\HelloWorld\HelloWorld\Release\mt.write.1.tlog
C:\Users\diego\documents\visual studio 2010\Projects\HelloWorld\HelloWorld\Release\rc.command.1.tlog
C:\Users\diego\documents\visual studio 2010\Projects\HelloWorld\HelloWorld\Release\rc.read.1.tlog
C:\Users\diego\documents\visual studio 2010\Projects\HelloWorld\HelloWorld\Release\rc.write.1.tlog
C:\USERS\DIEGO\DOCUMENTS\VISUAL STUDIO 2010\PROJECTS\HELLOWORLD\HELLOWORLD\RELEASE\STDAFX.OBJ
C:\USERS\DIEGO\DOCUMENTS\VISUAL STUDIO 2010\PROJECTS\HELLOWORLD\HELLOWORLD\RELEASE\VC100.PDB
C:\USERS\DIEGO\DOCUMENTS\VISUAL STUDIO 2010\PROJECTS\HELLOWORLD\RELEASE\HELLOWORLD.DLL
C:\Users\diego\documents\visual studio 2010\Projects\HelloWorld\Release\HelloWorld.exp
C:\Users\diego\documents\visual studio 2010\Projects\HelloWorld\Release\HelloWorld.lib
C:\USERS\DIEGO\DOCUMENTS\VISUAL STUDIO 2010\PROJECTS\HELLOWORLD\RELEASE\HELLOWORLD.PDB
