Build started 8/8/2013 7:06:12 AM.
Project "C:\Users\diego\Documents\Visual Studio 2010\Projects\HelloWorld\HelloWorld\HelloWorld.vcxproj" on node 2 (rebuild target(s)).
_PrepareForClean:
  Deleting file "Debug\HelloWorld.lastbuildstate".
InitializeBuildStatus:
  Touching "Debug\HelloWorld.unsuccessfulbuild".
Midl:
  c:\Program Files\Microsoft SDKs\Windows\v7.0A\bin\midl.exe /D _DEBUG /W1 /nologo /char signed /env win32 /Oicf /h "HelloWorld_i.h" /iid "HelloWorld_i.c" /proxy "HelloWorld_p.c" /tlb "Debug\HelloWorld.tlb" /robust HelloWorld.idl 
  HelloWorld.idl
  oaidl.idl
  objidl.idl
  unknwn.idl
  wtypes.idl
  basetsd.h
  guiddef.h
  ocidl.idl
  oleidl.idl
  servprov.idl
  urlmon.idl
  msxml.idl
  oaidl.acf
  ocidl.acf
  Processing .\HelloWorld.idl
  Processing c:\Program Files\Microsoft SDKs\Windows\v7.0A\include\oaidl.idl
  Processing c:\Program Files\Microsoft SDKs\Windows\v7.0A\include\objidl.idl
  Processing c:\Program Files\Microsoft SDKs\Windows\v7.0A\include\unknwn.idl
  Processing c:\Program Files\Microsoft SDKs\Windows\v7.0A\include\wtypes.idl
  Processing c:\Program Files\Microsoft SDKs\Windows\v7.0A\include\basetsd.h
  Processing c:\Program Files\Microsoft SDKs\Windows\v7.0A\include\guiddef.h
  Processing c:\Program Files\Microsoft SDKs\Windows\v7.0A\include\ocidl.idl
  Processing c:\Program Files\Microsoft SDKs\Windows\v7.0A\include\oleidl.idl
  Processing c:\Program Files\Microsoft SDKs\Windows\v7.0A\include\servprov.idl
  Processing c:\Program Files\Microsoft SDKs\Windows\v7.0A\include\urlmon.idl
  Processing c:\Program Files\Microsoft SDKs\Windows\v7.0A\include\msxml.idl
  Processing c:\Program Files\Microsoft SDKs\Windows\v7.0A\include\oaidl.acf
  Processing c:\Program Files\Microsoft SDKs\Windows\v7.0A\include\ocidl.acf
ClCompile:
  c:\Program Files\Microsoft Visual Studio 10.0\VC\bin\CL.exe /c /ZI /nologo /W3 /WX- /Od /Oy- /D WIN32 /D _WINDOWS /D _DEBUG /D _USRDLL /D _WINDLL /D _UNICODE /D UNICODE /D _ATL_DLL /Gm /EHsc /RTC1 /MDd /GS /fp:precise /Zc:wchar_t /Zc:forScope /Yc"StdAfx.h" /Fp"Debug\HelloWorld.pch" /Fo"Debug\\" /Fd"Debug\vc100.pdb" /Gd /TP /analyze- /errorReport:prompt stdafx.cpp
  stdafx.cpp
  c:\Program Files\Microsoft Visual Studio 10.0\VC\bin\CL.exe /c /ZI /nologo /W3 /WX- /Od /Oy- /D WIN32 /D _WINDOWS /D _DEBUG /D _USRDLL /D _WINDLL /D _UNICODE /D UNICODE /D _ATL_DLL /Gm /EHsc /RTC1 /MDd /GS /fp:precise /Zc:wchar_t /Zc:forScope /Fo"Debug\\" /Fd"Debug\vc100.pdb" /Gd /TP /analyze- /errorReport:prompt dllmain.cpp
  dllmain.cpp
  c:\Program Files\Microsoft Visual Studio 10.0\VC\bin\CL.exe /c /ZI /nologo /W3 /WX- /Od /Oy- /D WIN32 /D _WINDOWS /D _DEBUG /D _USRDLL /D _WINDLL /D _UNICODE /D UNICODE /D _ATL_DLL /Gm /EHsc /RTC1 /MDd /GS /fp:precise /Zc:wchar_t /Zc:forScope /Yu"StdAfx.h" /Fp"Debug\HelloWorld.pch" /Fo"Debug\\" /Fd"Debug\vc100.pdb" /Gd /TP /analyze- /errorReport:prompt HelloWorld.cpp HelloWorldBHO.cpp
  HelloWorldBHO.cpp
  HelloWorld.cpp
  Generating Code...
  c:\Program Files\Microsoft Visual Studio 10.0\VC\bin\CL.exe /c /ZI /nologo /W3 /WX- /Od /Oy- /D WIN32 /D _WINDOWS /D _DEBUG /D _USRDLL /D _WINDLL /D _UNICODE /D UNICODE /D _ATL_DLL /Gm /EHsc /RTC1 /MDd /GS /fp:precise /Zc:wchar_t /Zc:forScope /Fo"Debug\\" /Fd"Debug\vc100.pdb" /Gd /TC /analyze- /errorReport:prompt HelloWorld_i.c
  HelloWorld_i.c
ResourceCompile:
  c:\Program Files\Microsoft SDKs\Windows\v7.0A\bin\rc.exe /D _DEBUG /D _UNICODE /D UNICODE /l"0x0409" /IDebug\ /nologo /fo"Debug\HelloWorld.res" HelloWorld.rc 
ManifestResourceCompile:
  c:\Program Files\Microsoft SDKs\Windows\v7.0A\bin\rc.exe /nologo /fo"Debug\HelloWorld.dll.embed.manifest.res" Debug\HelloWorld_manifest.rc 
Link:
  c:\Program Files\Microsoft Visual Studio 10.0\VC\bin\link.exe /ERRORREPORT:PROMPT /OUT:"C:\Users\diego\Documents\Visual Studio 2010\Projects\HelloWorld\Debug\HelloWorld.dll" /INCREMENTAL /NOLOGO kernel32.lib user32.lib gdi32.lib winspool.lib comdlg32.lib advapi32.lib shell32.lib ole32.lib oleaut32.lib uuid.lib odbc32.lib odbccp32.lib /DEF:".\HelloWorld.def" /MANIFEST /ManifestFile:"Debug\HelloWorld.dll.intermediate.manifest" /MANIFESTUAC:"level='asInvoker' uiAccess='false'" /DEBUG /PDB:"C:\Users\diego\Documents\Visual Studio 2010\Projects\HelloWorld\Debug\HelloWorld.pdb" /SUBSYSTEM:WINDOWS /TLBID:1 /DYNAMICBASE /NXCOMPAT /MACHINE:X86 /DLL Debug\HelloWorld.res
  Debug\HelloWorld.dll.embed.manifest.res
  Debug\dllmain.obj
  Debug\HelloWorld.obj
  Debug\HelloWorldBHO.obj
  Debug\HelloWorld_i.obj
  Debug\stdafx.obj
  "..\..\..\..\..\..\..\Program Files\Microsoft SDKs\Windows\v7.1\Lib\iepmapi.lib"
     Creating library C:\Users\diego\Documents\Visual Studio 2010\Projects\HelloWorld\Debug\HelloWorld.lib and object C:\Users\diego\Documents\Visual Studio 2010\Projects\HelloWorld\Debug\HelloWorld.exp
Manifest:
  Deleting file "Debug\HelloWorld.dll.embed.manifest".
  c:\Program Files\Microsoft SDKs\Windows\v7.0A\bin\mt.exe /nologo /verbose /out:"Debug\HelloWorld.dll.embed.manifest" /manifest Debug\HelloWorld.dll.intermediate.manifest
  c:\Program Files\Microsoft SDKs\Windows\v7.0A\bin\rc.exe /nologo /fo"Debug\HelloWorld.dll.embed.manifest.res" Debug\HelloWorld_manifest.rc 
LinkEmbedManifest:
  c:\Program Files\Microsoft Visual Studio 10.0\VC\bin\link.exe /ERRORREPORT:PROMPT /OUT:"C:\Users\diego\Documents\Visual Studio 2010\Projects\HelloWorld\Debug\HelloWorld.dll" /INCREMENTAL /NOLOGO kernel32.lib user32.lib gdi32.lib winspool.lib comdlg32.lib advapi32.lib shell32.lib ole32.lib oleaut32.lib uuid.lib odbc32.lib odbccp32.lib /DEF:".\HelloWorld.def" /MANIFEST /ManifestFile:"Debug\HelloWorld.dll.intermediate.manifest" /MANIFESTUAC:"level='asInvoker' uiAccess='false'" /DEBUG /PDB:"C:\Users\diego\Documents\Visual Studio 2010\Projects\HelloWorld\Debug\HelloWorld.pdb" /SUBSYSTEM:WINDOWS /TLBID:1 /DYNAMICBASE /NXCOMPAT /MACHINE:X86 /DLL Debug\HelloWorld.res
  Debug\HelloWorld.dll.embed.manifest.res
  Debug\dllmain.obj
  Debug\HelloWorld.obj
  Debug\HelloWorldBHO.obj
  Debug\HelloWorld_i.obj
  Debug\stdafx.obj
  "..\..\..\..\..\..\..\Program Files\Microsoft SDKs\Windows\v7.1\Lib\iepmapi.lib"
     Creating library C:\Users\diego\Documents\Visual Studio 2010\Projects\HelloWorld\Debug\HelloWorld.lib and object C:\Users\diego\Documents\Visual Studio 2010\Projects\HelloWorld\Debug\HelloWorld.exp
  HelloWorld.vcxproj -> C:\Users\diego\Documents\Visual Studio 2010\Projects\HelloWorld\Debug\HelloWorld.dll
RegisterOutput:
  regsvr32 /s "C:\Users\diego\Documents\Visual Studio 2010\Projects\HelloWorld\Debug\HelloWorld.dll"
C:\Program Files\MSBuild\Microsoft.Cpp\v4.0\Microsoft.CppCommon.targets(732,5): warning MSB5021: The task executable is being terminated due to cancellation of the build.
  Build continuing because "ContinueOnError" on the task "Exec" is set to "true".
Done Building Project "C:\Users\diego\Documents\Visual Studio 2010\Projects\HelloWorld\HelloWorld\HelloWorld.vcxproj" (rebuild target(s)) -- FAILED.

Build FAILED.

Time Elapsed 00:00:31.58
